This is pdfTeX, Version 3.1415926-1.40.10 (TeX Live 2009/Debian) (format=latex 2012.10.8)  18 DEC 2012 09:11
entering extended mode
 %&-line parsing enabled.
**documento.tex
(./documento.tex
LaTeX2e <2009/09/24>
Babel <v3.8l> and hyphenation patterns for english, usenglishmax, dumylang, noh
yphenation, spanish, galician, catalan, loaded.
(/usr/share/texmf-texlive/tex/latex/base/book.cls
Document Class: book 2007/10/19 v1.4h Standard LaTeX document class
(/usr/share/texmf-texlive/tex/latex/base/bk10.clo
File: bk10.clo 2007/10/19 v1.4h Standard LaTeX file (size option)
)
\c@part=\count79
\c@chapter=\count80
\c@section=\count81
\c@subsection=\count82
\c@subsubsection=\count83
\c@paragraph=\count84
\c@subparagraph=\count85
\c@figure=\count86
\c@table=\count87
\abovecaptionskip=\skip41
\belowcaptionskip=\skip42
\bibindent=\dimen102
)
(/usr/share/texmf-texlive/tex/generic/babel/babel.sty
Package: babel 2008/07/06 v3.8l The Babel package

(/usr/share/texmf-texlive/tex/generic/babel/spanish.ldf
Language: spanish.ldf 2009/01/02 v5.0h Spanish support from the babel system

(/usr/share/texmf-texlive/tex/generic/babel/babel.def
File: babel.def 2008/07/06 v3.8l Babel common definitions
\babel@savecnt=\count88
\U@D=\dimen103
)
\es@datefmt=\count89
\es@quottoks=\toks14
\es@quotdepth=\count90
Package babel Info: Making " an active character on input line 492.
Package babel Info: Making . an active character on input line 585.
Package babel Info: Making < an active character on input line 630.
Package babel Info: Making > an active character on input line 630.
))
(/usr/share/texmf-texlive/tex/latex/base/inputenc.sty
Package: inputenc 2008/03/30 v1.1d Input encoding file
\inpenc@prehook=\toks15
\inpenc@posthook=\toks16

(/usr/share/texmf-texlive/tex/latex/base/latin1.def
File: latin1.def 2008/03/30 v1.1d Input encoding file
))
(/usr/share/texmf-texlive/tex/latex/geometry/geometry.sty
Package: geometry 2008/12/21 v4.2 Page Geometry

(/usr/share/texmf-texlive/tex/latex/graphics/keyval.sty
Package: keyval 1999/03/16 v1.13 key=value parser (DPC)
\KV@toks@=\toks17
)
(/usr/share/texmf-texlive/tex/generic/oberdiek/ifpdf.sty
Package: ifpdf 2009/04/10 v2.0 Provides the ifpdf switch (HO)
Package ifpdf Info: pdfTeX in pdf mode not detected.
)
(/usr/share/texmf-texlive/tex/generic/oberdiek/ifvtex.sty
Package: ifvtex 2008/11/04 v1.4 Switches for detecting VTeX and its modes (HO)
Package ifvtex Info: VTeX not detected.
)
\Gm@cnth=\count91
\Gm@cntv=\count92
\c@Gm@tempcnt=\count93
\Gm@bindingoffset=\dimen104
\Gm@wd@mp=\dimen105
\Gm@odd@mp=\dimen106
\Gm@even@mp=\dimen107
\Gm@dimlist=\toks18
)
(/usr/share/texmf-texlive/tex/latex/amsmath/amsmath.sty
Package: amsmath 2000/07/18 v2.13 AMS math features
\@mathmargin=\skip43

For additional information on amsmath, use the `?' option.
(/usr/share/texmf-texlive/tex/latex/amsmath/amstext.sty
Package: amstext 2000/06/29 v2.01

(/usr/share/texmf-texlive/tex/latex/amsmath/amsgen.sty
File: amsgen.sty 1999/11/30 v2.0
\@emptytoks=\toks19
\ex@=\dimen108
))
(/usr/share/texmf-texlive/tex/latex/amsmath/amsbsy.sty
Package: amsbsy 1999/11/29 v1.2d
\pmbraise@=\dimen109
)
(/usr/share/texmf-texlive/tex/latex/amsmath/amsopn.sty
Package: amsopn 1999/12/14 v2.01 operator names
)
\inf@bad=\count94
LaTeX Info: Redefining \frac on input line 211.
\uproot@=\count95
\leftroot@=\count96
LaTeX Info: Redefining \overline on input line 307.
\classnum@=\count97
\DOTSCASE@=\count98
LaTeX Info: Redefining \ldots on input line 379.
LaTeX Info: Redefining \dots on input line 382.
LaTeX Info: Redefining \cdots on input line 467.
\Mathstrutbox@=\box26
\strutbox@=\box27
\big@size=\dimen110
LaTeX Font Info:    Redeclaring font encoding OML on input line 567.
LaTeX Font Info:    Redeclaring font encoding OMS on input line 568.
\macc@depth=\count99
\c@MaxMatrixCols=\count100
\dotsspace@=\muskip10
\c@parentequation=\count101
\dspbrk@lvl=\count102
\tag@help=\toks20
\row@=\count103
\column@=\count104
\maxfields@=\count105
\andhelp@=\toks21
\eqnshift@=\dimen111
\alignsep@=\dimen112
\tagshift@=\dimen113
\tagwidth@=\dimen114
\totwidth@=\dimen115
\lineht@=\dimen116
\@envbody=\toks22
\multlinegap=\skip44
\multlinetaggap=\skip45
\mathdisplay@stack=\toks23
LaTeX Info: Redefining \[ on input line 2666.
LaTeX Info: Redefining \] on input line 2667.
)
(/usr/share/texmf-texlive/tex/latex/amsfonts/amssymb.sty
Package: amssymb 2009/06/22 v3.00

(/usr/share/texmf-texlive/tex/latex/amsfonts/amsfonts.sty
Package: amsfonts 2009/06/22 v3.00 Basic AMSFonts support
\symAMSa=\mathgroup4
\symAMSb=\mathgroup5
LaTeX Font Info:    Overwriting math alphabet `\mathfrak' in version `bold'
(Font)                  U/euf/m/n --> U/euf/b/n on input line 96.
))
(/usr/share/texmf-texlive/tex/latex/base/latexsym.sty
Package: latexsym 1998/08/17 v2.2e Standard LaTeX package (lasy symbols)
\symlasy=\mathgroup6
LaTeX Font Info:    Overwriting symbol font `lasy' in version `bold'
(Font)                  U/lasy/m/n --> U/lasy/b/n on input line 47.
)
(/usr/share/texmf-texlive/tex/latex/ltxmisc/cancel.sty
Package: cancel 2000/03/12 v2.1 Cancel math terms
)
(/usr/share/texmf-texlive/tex/latex/graphics/graphicx.sty
Package: graphicx 1999/02/16 v1.0f Enhanced LaTeX Graphics (DPC,SPQR)

(/usr/share/texmf-texlive/tex/latex/graphics/graphics.sty
Package: graphics 2009/02/05 v1.0o Standard LaTeX Graphics (DPC,SPQR)

(/usr/share/texmf-texlive/tex/latex/graphics/trig.sty
Package: trig 1999/03/16 v1.09 sin cos tan (DPC)
)
(/etc/texmf/tex/latex/config/graphics.cfg
File: graphics.cfg 2009/08/28 v1.8 graphics configuration of TeX Live
)
Package graphics Info: Driver file: dvips.def on input line 91.

(/usr/share/texmf-texlive/tex/latex/graphics/dvips.def
File: dvips.def 1999/02/16 v3.0i Driver-dependant file (DPC,SPQR)
))
\Gin@req@height=\dimen117
\Gin@req@width=\dimen118
)
(/usr/share/texmf/tex/latex/xcolor/xcolor.sty
Package: xcolor 2007/01/21 v2.11 LaTeX color extensions (UK)

(/etc/texmf/tex/latex/config/color.cfg
File: color.cfg 2007/01/18 v1.5 color configuration of teTeX/TeXLive
)
Package xcolor Info: Driver file: dvips.def on input line 225.

(/usr/share/texmf-texlive/tex/latex/colortbl/colortbl.sty
Package: colortbl 2001/02/13 v0.1j Color table columns (DPC)

(/usr/share/texmf-texlive/tex/latex/tools/array.sty
Package: array 2008/09/09 v2.4c Tabular extension package (FMi)
\col@sep=\dimen119
\extrarowheight=\dimen120
\NC@list=\toks24
\extratabsurround=\skip46
\backup@length=\skip47
)
\everycr=\toks25
\minrowclearance=\skip48
)
\rownum=\count106
Package xcolor Info: Model `cmy' substituted by `cmy0' on input line 1337.
Package xcolor Info: Model `RGB' extended on input line 1353.
Package xcolor Info: Model `HTML' substituted by `rgb' on input line 1355.
Package xcolor Info: Model `Hsb' substituted by `hsb' on input line 1356.
Package xcolor Info: Model `tHsb' substituted by `hsb' on input line 1357.
Package xcolor Info: Model `HSB' substituted by `hsb' on input line 1358.
Package xcolor Info: Model `Gray' substituted by `gray' on input line 1359.
Package xcolor Info: Model `wave' substituted by `hsb' on input line 1360.

(/usr/share/texmf/tex/latex/xcolor/x11nam.def
File: x11nam.def 2007/01/21 v2.11 Predefined colors according to Unix/X11 (UK)
))
(/usr/share/texmf-texlive/tex/latex/hyperref/hyperref.sty
Package: hyperref 2009/10/09 v6.79a Hypertext links for LaTeX

(/usr/share/texmf-texlive/tex/generic/ifxetex/ifxetex.sty
Package: ifxetex 2009/01/23 v0.5 Provides ifxetex conditional
)
(/usr/share/texmf-texlive/tex/latex/oberdiek/hycolor.sty
Package: hycolor 2009/10/02 v1.5 Code for color options of hyperref/bookmark (H
O)

(/usr/share/texmf-texlive/tex/latex/oberdiek/xcolor-patch.sty
Package: xcolor-patch 2009/10/02 xcolor patch
))
\@linkdim=\dimen121
\Hy@linkcounter=\count107
\Hy@pagecounter=\count108

(/usr/share/texmf-texlive/tex/latex/hyperref/pd1enc.def
File: pd1enc.def 2009/10/09 v6.79a Hyperref: PDFDocEncoding definition (HO)
)
(/usr/share/texmf-texlive/tex/generic/oberdiek/etexcmds.sty
Package: etexcmds 2007/12/12 v1.2 Prefix for e-TeX command names (HO)

(/usr/share/texmf-texlive/tex/generic/oberdiek/infwarerr.sty
Package: infwarerr 2007/09/09 v1.2 Providing info/warning/message (HO)
)
Package etexcmds Info: Could not find \expanded.
(etexcmds)             That can mean that you are not using pdfTeX 1.50 or
(etexcmds)             that some package has redefined \expanded.
(etexcmds)             In the latter case, load this package earlier.
)
(/usr/share/texmf-texlive/tex/latex/latexconfig/hyperref.cfg
File: hyperref.cfg 2002/06/06 v1.2 hyperref configuration of TeXLive
)
(/usr/share/texmf-texlive/tex/latex/oberdiek/kvoptions.sty
Package: kvoptions 2009/08/13 v3.4 Keyval support for LaTeX options (HO)

(/usr/share/texmf-texlive/tex/generic/oberdiek/kvsetkeys.sty
Package: kvsetkeys 2009/07/30 v1.5 Key value parser with default handler suppor
t (HO)
))
Package hyperref Info: Option `colorlinks' set `true' on input line 2864.
Package hyperref Info: Hyper figures OFF on input line 2975.
Package hyperref Info: Link nesting OFF on input line 2980.
Package hyperref Info: Hyper index ON on input line 2983.
Package hyperref Info: Plain pages OFF on input line 2990.
Package hyperref Info: Backreferencing OFF on input line 2995.

Implicit mode ON; LaTeX internals redefined
Package hyperref Info: Bookmarks ON on input line 3191.
(/usr/share/texmf-texlive/tex/latex/ltxmisc/url.sty
\Urlmuskip=\muskip11
Package: url 2006/04/12  ver 3.3  Verb mode for urls, etc.
)
LaTeX Info: Redefining \url on input line 3428.

(/usr/share/texmf-texlive/tex/generic/oberdiek/bitset.sty
Package: bitset 2007/09/28 v1.0 Data type bit set (HO)

(/usr/share/texmf-texlive/tex/generic/oberdiek/intcalc.sty
Package: intcalc 2007/09/27 v1.1 Expandable integer calculations (HO)
)
(/usr/share/texmf-texlive/tex/generic/oberdiek/bigintcalc.sty
Package: bigintcalc 2007/11/11 v1.1 Expandable big integer calculations (HO)

(/usr/share/texmf-texlive/tex/generic/oberdiek/pdftexcmds.sty
Package: pdftexcmds 2009/09/23 v0.6 LuaTeX support for pdfTeX utility functions
 (HO)

(/usr/share/texmf-texlive/tex/generic/oberdiek/ifluatex.sty
Package: ifluatex 2009/04/17 v1.2 Provides the ifluatex switch (HO)
Package ifluatex Info: LuaTeX not detected.
)
(/usr/share/texmf-texlive/tex/generic/oberdiek/ltxcmds.sty
Package: ltxcmds 2009/08/05 v1.0 Some LaTeX kernel commands for general use (HO
)
)
Package pdftexcmds Info: LuaTeX not detected.
Package pdftexcmds Info: \pdf@primitive is available.
Package pdftexcmds Info: \pdf@ifprimitive is available.
)))
\Fld@menulength=\count109
\Field@Width=\dimen122
\Fld@charsize=\dimen123
\Field@toks=\toks26
Package hyperref Info: Hyper figures OFF on input line 4377.
Package hyperref Info: Link nesting OFF on input line 4382.
Package hyperref Info: Hyper index ON on input line 4385.
Package hyperref Info: backreferencing OFF on input line 4392.
Package hyperref Info: Link coloring ON on input line 4395.
Package hyperref Info: Link coloring with OCG OFF on input line 4402.
Package hyperref Info: PDF/A mode OFF on input line 4407.

(/usr/share/texmf-texlive/tex/generic/oberdiek/atbegshi.sty
Package: atbegshi 2008/07/31 v1.9 At begin shipout hook (HO)
)
\Hy@abspage=\count110
\c@Item=\count111
\c@Hfootnote=\count112
)
*hyperref using default driver hdvips*
(/usr/share/texmf-texlive/tex/latex/hyperref/hdvips.def
File: hdvips.def 2009/10/09 v6.79a Hyperref driver for dvips

(/usr/share/texmf-texlive/tex/latex/hyperref/pdfmark.def
File: pdfmark.def 2009/10/09 v6.79a Hyperref definitions for pdfmark specials
\pdf@docset=\toks27
\pdf@box=\box28
\pdf@toks=\toks28
\pdf@defaulttoks=\toks29
\Fld@listcount=\count113
)) (./documento.aux
(./capitulo1.aux) (./capitulo2.aux) (./capitulo3.aux) (./capitulo4.aux)
(./capitulo5.aux) (./capitulo6.aux) (./capitulo7.aux) (./capitulo8.aux))
\openout1 = `documento.aux'.

LaTeX Font Info:    Checking defaults for OML/cmm/m/it on input line 13.
LaTeX Font Info:    ... okay on input line 13.
LaTeX Font Info:    Checking defaults for T1/cmr/m/n on input line 13.
LaTeX Font Info:    ... okay on input line 13.
LaTeX Font Info:    Checking defaults for OT1/cmr/m/n on input line 13.
LaTeX Font Info:    ... okay on input line 13.
LaTeX Font Info:    Checking defaults for OMS/cmsy/m/n on input line 13.
LaTeX Font Info:    ... okay on input line 13.
LaTeX Font Info:    Checking defaults for OMX/cmex/m/n on input line 13.
LaTeX Font Info:    ... okay on input line 13.
LaTeX Font Info:    Checking defaults for U/cmr/m/n on input line 13.
LaTeX Font Info:    ... okay on input line 13.
LaTeX Font Info:    Checking defaults for PD1/pdf/m/n on input line 13.
LaTeX Font Info:    ... okay on input line 13.

*geometry auto-detecting driver*
*geometry detected driver: dvips*
-------------------- Geometry parameters
paper: class default
landscape: --
twocolumn: --
twoside: true
asymmetric: --
h-parts: 56.9055pt, 512.1496pt, 45.2399pt
v-parts: 56.9055pt, 597.50787pt, 140.55661pt
hmarginratio: --
vmarginratio: --
lines: --
heightrounded: --
bindingoffset: 0.0pt
truedimen: --
includehead: --
includefoot: --
includemp: --
driver: dvips
-------------------- Page layout dimensions and switches
\paperwidth  614.295pt
\paperheight 794.96999pt
\textwidth  512.1496pt
\textheight 597.50787pt
\oddsidemargin  -15.36449pt
\evensidemargin -27.03009pt
\topmargin  -45.43198pt
\headheight 12.0pt
\headsep    18.06749pt
\footskip   25.29494pt
\marginparwidth 125.0pt
\marginparsep   7.0pt
\columnsep  10.0pt
\skip\footins  9.0pt plus 4.0pt minus 2.0pt
\hoffset 0.0pt
\voffset 0.0pt
\mag 1000
\@twosidetrue \@mparswitchtrue 
(1in=72.27pt, 1cm=28.45pt)
-----------------------
Package hyperref Info: Link coloring ON on input line 13.
(/usr/share/texmf-texlive/tex/latex/hyperref/nameref.sty
Package: nameref 2007/05/29 v2.31 Cross-referencing by name of section

(/usr/share/texmf-texlive/tex/latex/oberdiek/refcount.sty
Package: refcount 2008/08/11 v3.1 Data extraction from references (HO)
)
\c@section@level=\count114
)
LaTeX Info: Redefining \ref on input line 13.
LaTeX Info: Redefining \pageref on input line 13.
 (./documento.out)
(./documento.out)
\@outlinefile=\write3
\openout3 = `documento.out'.

\AtBeginShipoutBox=\box29
 (./documento.toc
LaTeX Font Info:    Try loading font information for U+msa on input line 3.

(/usr/share/texmf-texlive/tex/latex/amsfonts/umsa.fd
File: umsa.fd 2009/06/22 v3.00 AMS symbols A
)
LaTeX Font Info:    Try loading font information for U+msb on input line 3.

(/usr/share/texmf-texlive/tex/latex/amsfonts/umsb.fd
File: umsb.fd 2009/06/22 v3.00 AMS symbols B
)
LaTeX Font Info:    Try loading font information for U+lasy on input line 3.

(/usr/share/texmf-texlive/tex/latex/base/ulasy.fd
File: ulasy.fd 1998/08/17 v2.2e LaTeX symbol font definitions
) [1


] [2])
\tf@toc=\write4
\openout4 = `documento.toc'.

 [3] [4

]
(./documento.lot)
\tf@lot=\write5
\openout5 = `documento.lot'.

 [5] [6] (./documento.lof [7

] [8])
\tf@lof=\write6
\openout6 = `documento.lof'.

 [9]
\openout2 = `capitulo1.aux'.

 (./capitulo1.tex
[10


]
Cap\'{\i }tulo 1.

Underfull \hbox (badness 10000) in paragraph at lines 10--11

 []

LaTeX Font Info:    Try loading font information for OMS+cmr on input line 14.
(/usr/share/texmf-texlive/tex/latex/base/omscmr.fd
File: omscmr.fd 1999/05/25 v2.5h Standard LaTeX font definitions
)
LaTeX Font Info:    Font shape `OMS/cmr/m/n' in size <10> not available
(Font)              Font shape `OMS/cmsy/m/n' tried instead on input line 14.

Underfull \hbox (badness 10000) in paragraph at lines 49--50

 []

[11]
Underfull \hbox (badness 10000) in paragraph at lines 55--56

 []


Underfull \hbox (badness 10000) in paragraph at lines 57--58

 []


Underfull \hbox (badness 10000) in paragraph at lines 63--64

 []


Underfull \hbox (badness 10000) in paragraph at lines 65--66

 []


Underfull \hbox (badness 10000) in paragraph at lines 67--68

 []


Underfull \hbox (badness 10000) in paragraph at lines 69--70

 []

[12]
Underfull \hbox (badness 10000) in paragraph at lines 88--89

 []

File: ImagenesDocumentacion/reactableTag.ps Graphic file (type eps)
<ImagenesDocumentacion/reactableTag.ps>
File: ImagenesDocumentacion/topologiaArbol.ps Graphic file (type eps)

<ImagenesDocumentacion/topologiaArbol.ps> [13]
Underfull \hbox (badness 10000) in paragraph at lines 112--113

 []

File: ImagenesDocumentacion/codigoQR.ps Graphic file (type eps)
<ImagenesDocumentacion/codigoQR.ps>
Underfull \hbox (badness 10000) in paragraph at lines 140--141

 []


Underfull \hbox (badness 10000) in paragraph at lines 142--143

 []

[14]
File: ImagenesDocumentacion/arToolkit.ps Graphic file (type eps)
 <ImagenesDocumentacion/arToolkit.ps>
Underfull \hbox (badness 10000) in paragraph at lines 200--204

 []

[15]
Underfull \hbox (badness 10000) in paragraph at lines 216--217

 []


Overfull \hbox (1.75493pt too wide) in paragraph at lines 232--233
[]\OT1/cmr/m/n/10 Desarrollar un sis-te-ma con una in-ter-faz de usua-rio na-tu
-ral, asis-ti-do con la he-rra-mien-ta de en-tre-te-ni-mien-to \OT1/cmr/m/it/10
 Kinect$[]$\OT1/cmr/m/n/10 y
 []

[16]
Underfull \hbox (badness 10000) in paragraph at lines 245--246

 []


Underfull \hbox (badness 10000) in paragraph at lines 247--248

 []


Underfull \hbox (badness 10000) in paragraph at lines 253--254

 []

File: ImagenesDocumentacion/handTracking.ps Graphic file (type eps)
<ImagenesDocumentacion/handTracking.ps>

LaTeX Warning: `h' float specifier changed to `ht'.

File: ImagenesDocumentacion/reconocimientoCuerpo.ps Graphic file (type eps)
<ImagenesDocumentacion/reconocimientoCuerpo.ps> [17]
Underfull \hbox (badness 10000) in paragraph at lines 279--280

 []


Underfull \hbox (badness 10000) in paragraph at lines 281--282

 []

[18]
File: ImagenesDocumentacion/proyeccionManos.ps Graphic file (type eps)
 <ImagenesDocumentacion/proyeccionManos.ps>
Underfull \hbox (badness 10000) in paragraph at lines 294--295

 []

File: ImagenesDocumentacion/interaccionRobot.ps Graphic file (type eps)
<ImagenesDocumentacion/interaccionRobot.ps>) [19]
\openout2 = `capitulo2.aux'.

 (./capitulo2.tex [20



]
Cap\'{\i }tulo 2.

Underfull \hbox (badness 10000) in paragraph at lines 13--14

 []


Underfull \hbox (badness 10000) in paragraph at lines 30--35

 []


Underfull \hbox (badness 10000) in paragraph at lines 30--35

 []


Underfull \hbox (badness 10000) in paragraph at lines 30--35

 []


Underfull \hbox (badness 10000) in paragraph at lines 30--35

 []

[21]
Underfull \hbox (badness 10000) in paragraph at lines 37--39

 []


Package amsmath Warning: Foreign command \over;
(amsmath)                \frac or \genfrac should be used instead
(amsmath)                 on input line 40.


Underfull \hbox (badness 10000) in paragraph at lines 42--45

 []


Underfull \hbox (badness 10000) in paragraph at lines 42--45

 []


Underfull \hbox (badness 10000) in paragraph at lines 47--49

 []


Underfull \hbox (badness 10000) in paragraph at lines 52--55

 []


Underfull \hbox (badness 10000) in paragraph at lines 52--55

 []


Underfull \hbox (badness 10000) in paragraph at lines 57--62

 []


Underfull \hbox (badness 10000) in paragraph at lines 57--62

 []


Underfull \hbox (badness 10000) in paragraph at lines 57--62

 []


Underfull \hbox (badness 10000) in paragraph at lines 57--62

 []

[22]
Underfull \hbox (badness 10000) in paragraph at lines 64--66

 []


Underfull \hbox (badness 10000) in paragraph at lines 69--72

 []


Underfull \hbox (badness 10000) in paragraph at lines 69--72

 []


Underfull \hbox (badness 10000) in paragraph at lines 87--92

 []


Underfull \hbox (badness 10000) in paragraph at lines 87--92

 []


Underfull \hbox (badness 10000) in paragraph at lines 87--92

 []


Underfull \hbox (badness 10000) in paragraph at lines 87--92

 []

[23]
Underfull \hbox (badness 10000) in paragraph at lines 94--99

 []


Underfull \hbox (badness 10000) in paragraph at lines 94--99

 []


Underfull \hbox (badness 10000) in paragraph at lines 94--99

 []


Underfull \hbox (badness 10000) in paragraph at lines 94--99

 []


Underfull \hbox (badness 10000) in paragraph at lines 101--106

 []


Underfull \hbox (badness 10000) in paragraph at lines 101--106

 []


Underfull \hbox (badness 10000) in paragraph at lines 101--106

 []


Underfull \hbox (badness 10000) in paragraph at lines 101--106

 []


Underfull \hbox (badness 10000) in paragraph at lines 108--113

 []


Underfull \hbox (badness 10000) in paragraph at lines 108--113

 []


Underfull \hbox (badness 10000) in paragraph at lines 108--113

 []


Underfull \hbox (badness 10000) in paragraph at lines 108--113

 []


Underfull \vbox (badness 5563) has occurred while \output is active []

 [24]
Underfull \hbox (badness 10000) in paragraph at lines 128--133

 []


Underfull \hbox (badness 10000) in paragraph at lines 128--133

 []


Underfull \hbox (badness 10000) in paragraph at lines 128--133

 []


Underfull \hbox (badness 10000) in paragraph at lines 128--133

 []


Underfull \hbox (badness 10000) in paragraph at lines 148--153

 []


Underfull \hbox (badness 10000) in paragraph at lines 148--153

 []


Underfull \hbox (badness 10000) in paragraph at lines 148--153

 []


Underfull \hbox (badness 10000) in paragraph at lines 148--153

 []

[25]
Underfull \hbox (badness 10000) in paragraph at lines 160--164

 []


Underfull \hbox (badness 10000) in paragraph at lines 167--168

 []


Underfull \hbox (badness 10000) in paragraph at lines 167--168

 []


Underfull \hbox (badness 10000) in paragraph at lines 169--170

 []


Underfull \hbox (badness 10000) in paragraph at lines 169--170

 []


Underfull \hbox (badness 10000) in paragraph at lines 171--172

 []


Underfull \hbox (badness 10000) in paragraph at lines 171--172

 []

[26] [27]
Underfull \hbox (badness 10000) in paragraph at lines 270--270
[]|\OT1/cmr/m/n/10 Sistema
 []


Underfull \hbox (badness 10000) in paragraph at lines 270--270
[]|\OT1/cmr/m/n/10 Driver
 []


Underfull \hbox (badness 10000) in paragraph at lines 270--270
[]|\OT1/cmr/m/n/10 Middleware
 []

[28]
Underfull \hbox (badness 10000) in paragraph at lines 300--320

 []


Underfull \hbox (badness 10000) in paragraph at lines 300--320

 []


Underfull \hbox (badness 10000) in paragraph at lines 300--320

 []


Underfull \hbox (badness 10000) in paragraph at lines 300--320

 []


Underfull \hbox (badness 10000) in paragraph at lines 300--320

 []


Underfull \hbox (badness 10000) in paragraph at lines 300--320

 []


Underfull \hbox (badness 10000) in paragraph at lines 300--320

 []


Underfull \hbox (badness 10000) in paragraph at lines 300--320

 []


Underfull \hbox (badness 10000) in paragraph at lines 300--320

 []


Underfull \hbox (badness 10000) in paragraph at lines 300--320

 []


Underfull \hbox (badness 10000) in paragraph at lines 300--320

 []


Underfull \hbox (badness 10000) in paragraph at lines 300--320

 []


Underfull \hbox (badness 10000) in paragraph at lines 300--320

 []


Underfull \hbox (badness 10000) in paragraph at lines 300--320

 []


Underfull \hbox (badness 10000) in paragraph at lines 300--320

 []


Underfull \hbox (badness 10000) in paragraph at lines 300--320

 []


Underfull \hbox (badness 10000) in paragraph at lines 300--320

 []


Underfull \hbox (badness 10000) in paragraph at lines 300--320

 []


Underfull \hbox (badness 10000) in paragraph at lines 300--320

 []

[29]
Underfull \hbox (badness 10000) in paragraph at lines 323--329

 []


Underfull \hbox (badness 10000) in paragraph at lines 323--329

 []


Underfull \hbox (badness 10000) in paragraph at lines 323--329

 []


Underfull \hbox (badness 10000) in paragraph at lines 323--329

 []


Underfull \hbox (badness 10000) in paragraph at lines 323--329

 []

File: ImagenesDocumentacion/mod1ManoAlzada.ps Graphic file (type eps)
<ImagenesDocumentacion/mod1ManoAlzada.ps> [30]
Underfull \hbox (badness 10000) in paragraph at lines 337--343

 []


Underfull \hbox (badness 10000) in paragraph at lines 337--343

 []


Underfull \hbox (badness 10000) in paragraph at lines 337--343

 []


Underfull \hbox (badness 10000) in paragraph at lines 337--343

 []


Underfull \hbox (badness 10000) in paragraph at lines 337--343

 []

File: ImagenesDocumentacion/mod1Linea.ps Graphic file (type eps)
<ImagenesDocumentacion/mod1Linea.ps>
Underfull \hbox (badness 10000) in paragraph at lines 351--357

 []


Underfull \hbox (badness 10000) in paragraph at lines 351--357

 []


Underfull \hbox (badness 10000) in paragraph at lines 351--357

 []


Underfull \hbox (badness 10000) in paragraph at lines 351--357

 []


Underfull \hbox (badness 10000) in paragraph at lines 351--357

 []


Underfull \hbox (badness 10000) in paragraph at lines 351--357

 []


Underfull \hbox (badness 10000) in paragraph at lines 351--357

 []

[31]
File: ImagenesDocumentacion/mod1LineaDirecciones.ps Graphic file (type eps)
 <ImagenesDocumentacion/mod1LineaDirecciones.ps>
Underfull \hbox (badness 10000) in paragraph at lines 365--371

 []


Underfull \hbox (badness 10000) in paragraph at lines 365--371

 []


Underfull \hbox (badness 10000) in paragraph at lines 365--371

 []


Underfull \hbox (badness 10000) in paragraph at lines 365--371

 []


Underfull \hbox (badness 10000) in paragraph at lines 365--371

 []

File: ImagenesDocumentacion/mod1Circunferencia.ps Graphic file (type eps)
<ImagenesDocumentacion/mod1Circunferencia.ps>
Underfull \hbox (badness 10000) in paragraph at lines 379--385

 []


Underfull \hbox (badness 10000) in paragraph at lines 379--385

 []


Underfull \hbox (badness 10000) in paragraph at lines 379--385

 []


Underfull \hbox (badness 10000) in paragraph at lines 379--385

 []


Underfull \hbox (badness 10000) in paragraph at lines 379--385

 []

[32]
File: ImagenesDocumentacion/mod1Elipse.ps Graphic file (type eps)
 <ImagenesDocumentacion/mod1Elipse.ps>
Underfull \hbox (badness 10000) in paragraph at lines 393--399

 []


Underfull \hbox (badness 10000) in paragraph at lines 393--399

 []


Underfull \hbox (badness 10000) in paragraph at lines 393--399

 []


Underfull \hbox (badness 10000) in paragraph at lines 393--399

 []


Underfull \hbox (badness 10000) in paragraph at lines 393--399

 []

[33]
File: ImagenesDocumentacion/mod1Poligonos.ps Graphic file (type eps)
 <ImagenesDocumentacion/mod1Poligonos.ps>
Underfull \hbox (badness 10000) in paragraph at lines 407--413

 []


Underfull \hbox (badness 10000) in paragraph at lines 407--413

 []


Underfull \hbox (badness 10000) in paragraph at lines 407--413

 []


Underfull \hbox (badness 10000) in paragraph at lines 407--413

 []


Underfull \hbox (badness 10000) in paragraph at lines 407--413

 []

File: ImagenesDocumentacion/mod1SeleccionPoligono.ps Graphic file (type eps)
<ImagenesDocumentacion/mod1SeleccionPoligono.ps>
Underfull \hbox (badness 10000) in paragraph at lines 421--427

 []


Underfull \hbox (badness 10000) in paragraph at lines 421--427

 []


Underfull \hbox (badness 10000) in paragraph at lines 421--427

 []


Underfull \hbox (badness 10000) in paragraph at lines 421--427

 []


Underfull \hbox (badness 10000) in paragraph at lines 421--427

 []


Underfull \vbox (badness 3514) has occurred while \output is active []

 [34]
File: ImagenesDocumentacion/mod2IntegracionKinect.ps Graphic file (type eps)

<ImagenesDocumentacion/mod2IntegracionKinect.ps>
Underfull \hbox (badness 10000) in paragraph at lines 435--441

 []


Underfull \hbox (badness 10000) in paragraph at lines 435--441

 []


Underfull \hbox (badness 10000) in paragraph at lines 435--441

 []


Underfull \hbox (badness 10000) in paragraph at lines 435--441

 []


Underfull \hbox (badness 10000) in paragraph at lines 435--441

 []

[35]
File: ImagenesDocumentacion/mod2DeteccionDedo.ps Graphic file (type eps)
 <ImagenesDocumentacion/mod2DeteccionDedo.ps>
Underfull \hbox (badness 10000) in paragraph at lines 449--455

 []


Underfull \hbox (badness 10000) in paragraph at lines 449--455

 []


Underfull \hbox (badness 10000) in paragraph at lines 449--455

 []


Underfull \hbox (badness 10000) in paragraph at lines 449--455

 []


Underfull \hbox (badness 10000) in paragraph at lines 449--455

 []


Underfull \hbox (badness 10000) in paragraph at lines 449--455

 []


Underfull \hbox (badness 10000) in paragraph at lines 449--455

 []

File: ImagenesDocumentacion/mod2ReconocerDesp.ps Graphic file (type eps)
<ImagenesDocumentacion/mod2ReconocerDesp.ps> [36]
Underfull \hbox (badness 10000) in paragraph at lines 463--469

 []


Underfull \hbox (badness 10000) in paragraph at lines 463--469

 []


Underfull \hbox (badness 10000) in paragraph at lines 463--469

 []


Underfull \hbox (badness 10000) in paragraph at lines 463--469

 []


Underfull \hbox (badness 10000) in paragraph at lines 463--469

 []

File: ImagenesDocumentacion/mod2DibujarManoAlzada.ps Graphic file (type eps)
<ImagenesDocumentacion/mod2DibujarManoAlzada.ps>
Underfull \hbox (badness 10000) in paragraph at lines 477--483

 []


Underfull \hbox (badness 10000) in paragraph at lines 477--483

 []


Underfull \hbox (badness 10000) in paragraph at lines 477--483

 []


Underfull \hbox (badness 10000) in paragraph at lines 477--483

 []


Underfull \hbox (badness 10000) in paragraph at lines 477--483

 []

File: ImagenesDocumentacion/mod2ProyeccionEditor.ps Graphic file (type eps)
<ImagenesDocumentacion/mod2ProyeccionEditor.ps>
Underfull \hbox (badness 10000) in paragraph at lines 491--497

 []


Underfull \hbox (badness 10000) in paragraph at lines 491--497

 []


Underfull \hbox (badness 10000) in paragraph at lines 491--497

 []


Underfull \hbox (badness 10000) in paragraph at lines 491--497

 []


Underfull \hbox (badness 10000) in paragraph at lines 491--497

 []


Underfull \hbox (badness 10000) in paragraph at lines 491--497

 []


Underfull \hbox (badness 10000) in paragraph at lines 491--497

 []

[37]
File: ImagenesDocumentacion/mod3TrabajoColectivo.ps Graphic file (type eps)
 <ImagenesDocumentacion/mod3TrabajoColectivo.ps>
Underfull \hbox (badness 10000) in paragraph at lines 505--511

 []


Underfull \hbox (badness 10000) in paragraph at lines 505--511

 []


Underfull \hbox (badness 10000) in paragraph at lines 505--511

 []


Underfull \hbox (badness 10000) in paragraph at lines 505--511

 []


Underfull \hbox (badness 10000) in paragraph at lines 505--511

 []

[38]
File: ImagenesDocumentacion/mod4ProyeccionArea.ps Graphic file (type eps)
 <ImagenesDocumentacion/mod4ProyeccionArea.ps>
Underfull \hbox (badness 10000) in paragraph at lines 519--525

 []


Underfull \hbox (badness 10000) in paragraph at lines 519--525

 []


Underfull \hbox (badness 10000) in paragraph at lines 519--525

 []


Underfull \hbox (badness 10000) in paragraph at lines 519--525

 []


Underfull \hbox (badness 10000) in paragraph at lines 519--525

 []

File: ImagenesDocumentacion/mod3TrabajarConSombra.ps Graphic file (type eps)
<ImagenesDocumentacion/mod3TrabajarConSombra.ps>
Underfull \hbox (badness 10000) in paragraph at lines 533--539

 []


Underfull \hbox (badness 10000) in paragraph at lines 533--539

 []


Underfull \hbox (badness 10000) in paragraph at lines 533--539

 []


Underfull \hbox (badness 10000) in paragraph at lines 533--539

 []


Underfull \hbox (badness 10000) in paragraph at lines 533--539

 []

[39]
File: ImagenesDocumentacion/mod4ReconocimientoHerramienta.ps Graphic file (type
 eps)
 <ImagenesDocumentacion/mod4ReconocimientoHerramienta.ps>
Underfull \hbox (badness 10000) in paragraph at lines 547--548

 []


Underfull \hbox (badness 10000) in paragraph at lines 547--548

 []

LaTeX Font Info:    Try loading font information for OML+cmr on input line 549.

(/usr/share/texmf-texlive/tex/latex/base/omlcmr.fd
File: omlcmr.fd 1999/05/25 v2.5h Standard LaTeX font definitions
)
LaTeX Font Info:    Font shape `OML/cmr/m/n' in size <10> not available
(Font)              Font shape `OML/cmm/m/it' tried instead on input line 549.

Underfull \hbox (badness 10000) in paragraph at lines 549--555

 []


Underfull \hbox (badness 10000) in paragraph at lines 549--555

 []


Underfull \hbox (badness 10000) in paragraph at lines 549--555

 []


Underfull \hbox (badness 10000) in paragraph at lines 549--555

 []


Underfull \hbox (badness 10000) in paragraph at lines 549--555

 []

[40]
File: ImagenesDocumentacion/mod4DibujarConHerramienta.ps Graphic file (type eps
)
 <ImagenesDocumentacion/mod4DibujarConHerramienta.ps>
Underfull \hbox (badness 10000) in paragraph at lines 563--569

 []


Underfull \hbox (badness 10000) in paragraph at lines 563--569

 []


Underfull \hbox (badness 10000) in paragraph at lines 563--569

 []


Underfull \hbox (badness 10000) in paragraph at lines 563--569

 []


Underfull \hbox (badness 10000) in paragraph at lines 563--569

 []

File: ImagenesDocumentacion/mod4EscalarFigura.ps Graphic file (type eps)
<ImagenesDocumentacion/mod4EscalarFigura.ps>
Underfull \hbox (badness 10000) in paragraph at lines 577--583

 []


Underfull \hbox (badness 10000) in paragraph at lines 577--583

 []


Underfull \hbox (badness 10000) in paragraph at lines 577--583

 []


Underfull \hbox (badness 10000) in paragraph at lines 577--583

 []


Underfull \hbox (badness 10000) in paragraph at lines 577--583

 []

[41]
File: ImagenesDocumentacion/mod4MoverFigura.ps Graphic file (type eps)
 <ImagenesDocumentacion/mod4MoverFigura.ps>
Underfull \hbox (badness 10000) in paragraph at lines 591--597

 []


Underfull \hbox (badness 10000) in paragraph at lines 591--597

 []


Underfull \hbox (badness 10000) in paragraph at lines 591--597

 []


Underfull \hbox (badness 10000) in paragraph at lines 591--597

 []


Underfull \hbox (badness 10000) in paragraph at lines 591--597

 []

File: ImagenesDocumentacion/mod4ColorFigura.ps Graphic file (type eps)
<ImagenesDocumentacion/mod4ColorFigura.ps>) [42]
\openout2 = `capitulo3.aux'.

 (./capitulo3.tex
Cap\'{\i }tulo 3.
File: ImagenesDocumentacion/ArquitecturaCapas.ps Graphic file (type eps)
<ImagenesDocumentacion/ArquitecturaCapas.ps> [43



]
File: ImagenesDocumentacion/generalDCasosU.ps Graphic file (type eps)

<ImagenesDocumentacion/generalDCasosU.ps> [44]
Underfull \hbox (badness 10000) in paragraph at lines 33--37

 []


Underfull \hbox (badness 10000) in paragraph at lines 33--37

 []


Underfull \hbox (badness 10000) in paragraph at lines 33--37

 []


Underfull \hbox (badness 10000) in paragraph at lines 33--37

 []


Underfull \hbox (badness 10000) in paragraph at lines 33--37

 []

[45] [46] [47] [48] [49] [50] [51] [52] [53] [54] [55] [56] [57] [58] [59]
[60] [61] [62] [63]
File: ImagenesDocumentacion/generalDClases.ps Graphic file (type eps)
 <ImagenesDocumentacion/generalDClases.ps> [64]
File: ImagenesDocumentacion/generalDSecuencia.ps Graphic file (type eps)

<ImagenesDocumentacion/generalDSecuencia.ps> [65]
File: ImagenesDocumentacion/generalDEstado.ps Graphic file (type eps)

<ImagenesDocumentacion/generalDEstado.ps> [66]
File: ImagenesDocumentacion/mod1DCasosU.ps Graphic file (type eps)

<ImagenesDocumentacion/mod1DCasosU.ps> [67]
File: ImagenesDocumentacion/mod1DClases.ps Graphic file (type eps)

<ImagenesDocumentacion/mod1DClases.ps> [68]
File: ImagenesDocumentacion/mod1DSecuencia.ps Graphic file (type eps)

<ImagenesDocumentacion/mod1DSecuencia.ps> [69]
File: ImagenesDocumentacion/mod1DEstado.ps Graphic file (type eps)

<ImagenesDocumentacion/mod1DEstado.ps> [70]
File: ImagenesDocumentacion/mod2DCasosU.ps Graphic file (type eps)

<ImagenesDocumentacion/mod2DCasosU.ps> [71]
File: ImagenesDocumentacion/mod2DClases.ps Graphic file (type eps)

<ImagenesDocumentacion/mod2DClases.ps> [72]
File: ImagenesDocumentacion/mod2DSecuencia.ps Graphic file (type eps)

<ImagenesDocumentacion/mod2DSecuencia.ps> [73]
File: ImagenesDocumentacion/mod2DEstado.ps Graphic file (type eps)

<ImagenesDocumentacion/mod2DEstado.ps> [74]
File: ImagenesDocumentacion/mod3DCasosU.ps Graphic file (type eps)

<ImagenesDocumentacion/mod3DCasosU.ps> [75]
File: ImagenesDocumentacion/mod3DSecuencia.ps Graphic file (type eps)

<ImagenesDocumentacion/mod3DSecuencia.ps> [76]
File: ImagenesDocumentacion/mod3DEstado.ps Graphic file (type eps)

<ImagenesDocumentacion/mod3DEstado.ps> [77]
File: ImagenesDocumentacion/mod4DCasosU.ps Graphic file (type eps)

<ImagenesDocumentacion/mod4DCasosU.ps> [78]
File: ImagenesDocumentacion/mod4DSecuencia.ps Graphic file (type eps)

<ImagenesDocumentacion/mod4DSecuencia.ps> [79]
File: ImagenesDocumentacion/mod4DEstado.ps Graphic file (type eps)

<ImagenesDocumentacion/mod4DEstado.ps>) [80]
\openout2 = `capitulo4.aux'.

 (./capitulo4.tex
Cap\'{\i }tulo 4.

Underfull \hbox (badness 10000) in paragraph at lines 9--10

 []


Underfull \hbox (badness 10000) in paragraph at lines 9--10

 []

File: ImagenesDocumentacion/desEditorBasico.ps Graphic file (type eps)
<ImagenesDocumentacion/desEditorBasico.ps> [81



]
Underfull \hbox (badness 10000) in paragraph at lines 22--23

 []


Underfull \hbox (badness 10000) in paragraph at lines 22--23

 []


Underfull \hbox (badness 10000) in paragraph at lines 24--25

 []


Underfull \hbox (badness 10000) in paragraph at lines 24--25

 []


Underfull \hbox (badness 10000) in paragraph at lines 26--27

 []


Underfull \hbox (badness 10000) in paragraph at lines 26--27

 []


Underfull \hbox (badness 10000) in paragraph at lines 28--29

 []


Underfull \hbox (badness 10000) in paragraph at lines 28--29

 []


Underfull \hbox (badness 10000) in paragraph at lines 38--39

 []


Underfull \hbox (badness 10000) in paragraph at lines 38--39

 []

[82]
File: ImagenesDocumentacion/vistaTags.ps Graphic file (type eps)
 <ImagenesDocumentacion/vistaTags.ps>
Underfull \hbox (badness 10000) in paragraph at lines 56--57

 []


Underfull \hbox (badness 10000) in paragraph at lines 56--57

 []

[83]

LaTeX Warning: Command \textgreater invalid in math mode on input line 73.


LaTeX Warning: Command \textgreater invalid in math mode on input line 73.


Package amsmath Warning: Foreign command \atop;
(amsmath)                \frac or \genfrac should be used instead
(amsmath)                 on input line 73.


Underfull \hbox (badness 10000) in paragraph at lines 75--76

 []


Underfull \hbox (badness 10000) in paragraph at lines 75--76

 []


Underfull \hbox (badness 10000) in paragraph at lines 77--78

 []


Underfull \hbox (badness 10000) in paragraph at lines 77--78

 []


Underfull \hbox (badness 10000) in paragraph at lines 79--80

 []


Underfull \hbox (badness 10000) in paragraph at lines 79--80

 []

[84]
Underfull \hbox (badness 10000) in paragraph at lines 120--121

 []


Underfull \hbox (badness 10000) in paragraph at lines 120--121

 []


Underfull \hbox (badness 10000) in paragraph at lines 122--123

 []


Underfull \hbox (badness 10000) in paragraph at lines 122--123

 []


Underfull \hbox (badness 10000) in paragraph at lines 124--125

 []


Underfull \hbox (badness 10000) in paragraph at lines 124--125

 []

[85]
File: ImagenesDocumentacion/TagSegmentada.ps Graphic file (type eps)
 <ImagenesDocumentacion/TagSegmentada.ps>) [86]
\openout2 = `capitulo5.aux'.

 (./capitulo5.tex
Cap\'{\i }tulo 5.

Underfull \hbox (badness 10000) in paragraph at lines 3--5

 []

[87



]
Underfull \hbox (badness 10000) in paragraph at lines 15--15
[]|\OT1/cmr/m/n/10 No. de
 []


Underfull \hbox (badness 10000) in paragraph at lines 15--15
[]|\OT1/cmr/m/n/10 Requerimientos
 []


Underfull \hbox (badness 1418) in paragraph at lines 16--16
[]|\OT1/cmr/m/n/10 Cambiar la for-ma
 []


Underfull \hbox (badness 10000) in paragraph at lines 17--17
[]|\OT1/cmr/m/n/10 R2:Trazar L^^S^^Pneas
 []


Underfull \hbox (badness 10000) in paragraph at lines 17--17
\OT1/cmr/m/n/10 Rec-tas R3:Trazar
 []


Underfull \hbox (badness 10000) in paragraph at lines 17--17
\OT1/cmr/m/n/10 l^^S^^Pneas rec-tas en
 []


Underfull \hbox (badness 1867) in paragraph at lines 17--17
\OT1/cmr/m/n/10 ro al pre-sio-nar y
 []


Underfull \hbox (badness 3417) in paragraph at lines 18--18
[]|\OT1/cmr/m/n/10 R4:Trazar Cir-cun-
 []


Underfull \hbox (badness 1867) in paragraph at lines 18--18
\OT1/cmr/m/n/10 ro al pre-sio-nar y
 []


Underfull \hbox (badness 1762) in paragraph at lines 18--18
\OT1/cmr/m/n/10 ren-cia si el tra-zo
 []


Underfull \hbox (badness 2326) in paragraph at lines 18--18
\OT1/cmr/m/n/10 em-pie-za de aba-jo
 []


Underfull \hbox (badness 1867) in paragraph at lines 19--19
\OT1/cmr/m/n/10 ro al pre-sio-nar y
 []


Underfull \hbox (badness 10000) in paragraph at lines 20--20
[]|\OT1/cmr/m/n/10 R6:Trazar Pol^^S^^Pgo-
 []


Underfull \hbox (badness 10000) in paragraph at lines 20--20
\OT1/cmr/m/n/10 nos R7:Tipo de
 []


Underfull \hbox (badness 10000) in paragraph at lines 20--20
\OT1/cmr/m/n/10 pol^^S^^Pgono de 3-6
 []


Underfull \hbox (badness 1867) in paragraph at lines 20--20
\OT1/cmr/m/n/10 ro al pre-sio-nar y
 []


Underfull \hbox (badness 10000) in paragraph at lines 20--20
\OT1/cmr/m/n/10 quier po-si-ci^^Son y
 []


Underfull \hbox (badness 5954) in paragraph at lines 20--20
\OT1/cmr/m/n/10 pre-ci-sar un po-co
 []

[88]
Underfull \hbox (badness 10000) in paragraph at lines 35--35
[]|\OT1/cmr/m/n/10 No. de
 []


Underfull \hbox (badness 10000) in paragraph at lines 35--35
[]|\OT1/cmr/m/n/10 Requerimientos
 []


Underfull \hbox (badness 10000) in paragraph at lines 36--36
[]|\OT1/cmr/m/n/10 R8:Integracion de
 []


Underfull \hbox (badness 3803) in paragraph at lines 36--36
[]|\OT1/cmr/m/n/10 El dis-po-si-ti-vo ki-
 []


Underfull \hbox (badness 10000) in paragraph at lines 37--37
[]|\OT1/cmr/m/n/10 R9:Detecci^^Son del
 []


Underfull \hbox (badness 10000) in paragraph at lines 37--37
[]|\OT1/cmr/m/n/10 El al-go-rit-mo no
 []


Underfull \hbox (badness 6461) in paragraph at lines 37--37
\OT1/cmr/m/n/10 fun-cio-na co-rrec-ta-
 []


Underfull \hbox (badness 4454) in paragraph at lines 37--37
\OT1/cmr/m/n/10 men-te ^^Suni-ca-men-te
 []


Underfull \hbox (badness 1038) in paragraph at lines 37--37
\OT1/cmr/m/n/10 de la mano co-mo
 []


Underfull \hbox (badness 1024) in paragraph at lines 37--37
\OT1/cmr/m/n/10 ima-gen y ve-ri-fi-car
 []


Underfull \hbox (badness 10000) in paragraph at lines 38--38
[]|\OT1/cmr/m/n/10 R10:Renococer
 []


Underfull \hbox (badness 2556) in paragraph at lines 38--38
\OT1/cmr/m/n/10 des-pla-zar-se den-tro
 []


Underfull \hbox (badness 10000) in paragraph at lines 39--39
[]|\OT1/cmr/m/n/10 R11:Dibujar a
 []


Underfull \hbox (badness 1478) in paragraph at lines 39--39
[]|\OT1/cmr/m/n/10 Desplazar el de-do
 []

[89]
Underfull \hbox (badness 10000) in paragraph at lines 56--56
[]|\OT1/cmr/m/n/10 No. de
 []


Underfull \hbox (badness 10000) in paragraph at lines 56--56
[]|\OT1/cmr/m/n/10 Requerimientos
 []


Underfull \hbox (badness 1024) in paragraph at lines 57--57
[]|\OT1/cmr/m/n/10 Se pue-de tra-ba-jar
 []


Underfull \hbox (badness 3746) in paragraph at lines 57--57
\OT1/cmr/m/n/10 con-jun-ta-men-te sin
 []


Underfull \hbox (badness 1742) in paragraph at lines 59--59
[]|\OT1/cmr/m/n/10 La cap-tu-ra de la
 []


Underfull \hbox (badness 1314) in paragraph at lines 60--60
[]|\OT1/cmr/m/n/10 R15: Tra-ba-jar sin
 []


Underfull \hbox (badness 1024) in paragraph at lines 61--61
[]|\OT1/cmr/m/n/10 Se pue-de tra-ba-jar
 []


Underfull \hbox (badness 1259) in paragraph at lines 61--61
\OT1/cmr/m/n/10 pe-ro se re-du-ce la
 []


Underfull \hbox (badness 2269) in paragraph at lines 62--62
\OT1/cmr/m/n/10 de su-per-fi-cie ade-
 []


Underfull \hbox (badness 2894) in paragraph at lines 62--62
\OT1/cmr/m/n/10 cua-do y de ba-jo
 []


Underfull \hbox (badness 1314) in paragraph at lines 63--63
[]|\OT1/cmr/m/n/10 R15: Tra-ba-jar sin
 []


Underfull \hbox (badness 2269) in paragraph at lines 64--64
\OT1/cmr/m/n/10 de su-per-fi-cie ade-
 []


Underfull \hbox (badness 2894) in paragraph at lines 64--64
\OT1/cmr/m/n/10 cua-do y de ba-jo
 []

[90]
Underfull \hbox (badness 10000) in paragraph at lines 79--79
[]|\OT1/cmr/m/n/10 No. de
 []


Underfull \hbox (badness 10000) in paragraph at lines 79--79
[]|\OT1/cmr/m/n/10 Requerimientos
 []


Overfull \hbox (3.80858pt too wide) in paragraph at lines 80--80
[]|\OT1/cmr/m/n/10 R16:Reconocimiento
 []


Underfull \hbox (badness 1158) in paragraph at lines 80--80
\OT1/cmr/m/n/10 del di-bu-jo in-terno
 []


Underfull \hbox (badness 3861) in paragraph at lines 81--81
\OT1/cmr/m/n/10 uso de la he-rra-
 []


Underfull \hbox (badness 10000) in paragraph at lines 81--81
[]|\OT1/cmr/m/n/10 Colocar la tag
 []


Underfull \hbox (badness 1226) in paragraph at lines 81--81
\OT1/cmr/m/n/10 y des-pu^^Ses rea-li-zar
 []


Underfull \hbox (badness 3746) in paragraph at lines 81--81
\OT1/cmr/m/n/10 des-pla-za-mien-to de
 []


Overfull \hbox (12.61417pt too wide) in paragraph at lines 82--82
[]|\OT1/cmr/m/n/10 R18,R19,R20:Cambios
 []


Underfull \hbox (badness 3861) in paragraph at lines 82--82
\OT1/cmr/m/n/10 uso de la he-rra-
 []


Underfull \hbox (badness 3189) in paragraph at lines 82--82
\OT1/cmr/m/n/10 tags de mo-di-fi-ca-
 []


Overfull \hbox (3.80858pt too wide) in paragraph at lines 83--83
[]|\OT1/cmr/m/n/10 R16:Reconocimiento
 []


Overfull \hbox (3.80858pt too wide) in paragraph at lines 84--84
[]|\OT1/cmr/m/n/10 R16:Reconocimiento
 []


Overfull \hbox (12.61417pt too wide) in paragraph at lines 85--85
[]|\OT1/cmr/m/n/10 R18,R19,R20:Cambios
 []


Underfull \hbox (badness 3861) in paragraph at lines 85--85
\OT1/cmr/m/n/10 uso de la he-rra-
 []


Underfull \hbox (badness 10000) in paragraph at lines 85--85
[]|\OT1/cmr/m/n/10 Modificar m^^Seto-do
 []


Underfull \hbox (badness 5756) in paragraph at lines 85--85
\OT1/cmr/m/n/10 de re-co-no-ci-mien-to
 []

) [91]
\openout2 = `capitulo6.aux'.

 (./capitulo6.tex [92



]
Cap\'{\i }tulo 6.

Underfull \hbox (badness 10000) in paragraph at lines 6--7

 []


Underfull \hbox (badness 10000) in paragraph at lines 6--7

 []


Underfull \hbox (badness 10000) in paragraph at lines 8--9

 []


Underfull \hbox (badness 10000) in paragraph at lines 8--9

 []


Underfull \hbox (badness 10000) in paragraph at lines 15--18

 []

[93]
Underfull \hbox (badness 10000) in paragraph at lines 19--22

 []


Underfull \hbox (badness 10000) in paragraph at lines 26--29

 []


Underfull \hbox (badness 10000) in paragraph at lines 35--37

 []

) [94]
\openout2 = `capitulo7.aux'.

 (./capitulo7.tex
Cap\'{\i }tulo 7.
[95



] [96

]
Underfull \hbox (badness 10000) in paragraph at lines 4--5
[]\OT1/cmr/m/n/10 Online. Sys-tems, In-te-lli-gen-ce, Ro-bo-tics and Per-cep-ti
on, Pon-ti-fi-cia Uni-ver-si-dad Ja-ve-ria-na Bo-
 []


Overfull \hbox (27.24161pt too wide) in paragraph at lines 23--24
[]\OT1/cmr/m/n/10 Online. Ot-su Th-res-hol-ding, The Lab book-pa-ges http://www
.labbookpages.co.uk/software/imgProc/otsuThreshold.html 
 []


Overfull \hbox (12.7792pt too wide) in paragraph at lines 42--44
[]\OT1/cmr/m/n/10 Online. Es-ti-lo ar-qui-tec-tu-ral en ca-pas (N-Layer) http:/
/www.ecured.cu/index.php/Estilo[]arquitectural[]en[]capas[]28N-
 []

[97]
Underfull \hbox (badness 10000) in paragraph at lines 53--54
[]\OT1/cmr/m/n/10 Online. \T^^Secni-cas de pro-ce-sa-mien-to di-gi-tal de im^^S
age-nes y re-co-no-ci-mien-to de pa-tro-
 []


Underfull \hbox (badness 10000) in paragraph at lines 55--57
[]\OT1/cmr/m/n/10 Online \Seg-men-ta-ci^^Son por Um-bra-li-za-ci^^Son", Uni-ver
-si-dad Na-cio-nal de Quil-mes, 2005
 []


Underfull \hbox (badness 10000) in paragraph at lines 55--57
\OT1/cmr/m/n/10 http://iaci.unq.edu.ar/materias/vision/archivos/apuntes/Segment
aciC3B3n20por20umbralizaciC3B3n20-
 []


Overfull \hbox (109.18613pt too wide) in paragraph at lines 60--62
[]\OT1/cmr/m/n/10 Online Prue-ba de Pro-gra-mas Jos^^Se A. Ma~nas 16 de mar-zo,
 1994 http://www.lab.dit.upm.es/ lprg/material/apuntes/pruebas/testing.htmls22 

 []

) [98]
\openout2 = `capitulo8.aux'.

 (./capitulo8.tex
Cap\'{\i }tulo 8.

Underfull \hbox (badness 10000) in paragraph at lines 5--9

 []

[99



]
File: maninstall/figura1Synaptic.ps Graphic file (type eps)
 <maninstall/figura1Synaptic.ps>
File: maninstall/figura2Update.ps Graphic file (type eps)
 <maninstall/figura2Update.ps> [100]

LaTeX Warning: File `maninstall/figura3BuildEssential.ps' not found on input li
ne 77.


! LaTeX Error: File `maninstall/figura3BuildEssential.ps' not found.

See the LaTeX manual or LaTeX Companion for explanation.
Type  H <return>  for immediate help.
 ...                                              
                                                  
l.77 ...=0.9]{maninstall/figura3BuildEssential.ps}
                                                   %[0cm,0cm][16.5cm,16cm]
? 

! LaTeX Error: Cannot determine size of graphic in maninstall/figura3BuildEssen
tial.ps (no BoundingBox).

See the LaTeX manual or LaTeX Companion for explanation.
Type  H <return>  for immediate help.
 ...                                              
                                                  
l.77 ...=0.9]{maninstall/figura3BuildEssential.ps}
                                                   %[0cm,0cm][16.5cm,16cm]
? 
File: maninstall/figura3BuildEssential.ps Graphic file (type eps)
<maninstall/figura3BuildEssential.ps> [101]
Underfull \hbox (badness 10000) in paragraph at lines 148--149

 []


Underfull \hbox (badness 10000) in paragraph at lines 148--149

 []

[102]

LaTeX Warning: File `maninstall/figura4DescargasOpenni.ps' not found on input l
ine 175.


! LaTeX Error: File `maninstall/figura4DescargasOpenni.ps' not found.

See the LaTeX manual or LaTeX Companion for explanation.
Type  H <return>  for immediate help.
 ...                                              
                                                  
l.175 ....9]{maninstall/figura4DescargasOpenni.ps}
                                                   %[0cm,0cm][16.5cm,16cm]
? 

! LaTeX Error: Cannot determine size of graphic in maninstall/figura4DescargasO
penni.ps (no BoundingBox).

See the LaTeX manual or LaTeX Companion for explanation.
Type  H <return>  for immediate help.
 ...                                              
                                                  
l.175 ....9]{maninstall/figura4DescargasOpenni.ps}
                                                   %[0cm,0cm][16.5cm,16cm]
? 
File: maninstall/figura4DescargasOpenni.ps Graphic file (type eps)
<maninstall/figura4DescargasOpenni.ps>

LaTeX Warning: File `maninstall/figura5CarpetaKinect.ps' not found on input lin
e 191.


! LaTeX Error: File `maninstall/figura5CarpetaKinect.ps' not found.

See the LaTeX manual or LaTeX Companion for explanation.
Type  H <return>  for immediate help.
 ...                                              
                                                  
l.191 ...=0.9]{maninstall/figura5CarpetaKinect.ps}
                                                   %[0cm,0cm][16.5cm,16cm]
? 

! LaTeX Error: Cannot determine size of graphic in maninstall/figura5CarpetaKin
ect.ps (no BoundingBox).

See the LaTeX manual or LaTeX Companion for explanation.
Type  H <return>  for immediate help.
 ...                                              
                                                  
l.191 ...=0.9]{maninstall/figura5CarpetaKinect.ps}
                                                   %[0cm,0cm][16.5cm,16cm]
? 
File: maninstall/figura5CarpetaKinect.ps Graphic file (type eps)
<maninstall/figura5CarpetaKinect.ps>
Underfull \hbox (badness 10000) in paragraph at lines 196--197

 []


Underfull \hbox (badness 10000) in paragraph at lines 196--197

 []


LaTeX Warning: File `maninstall/figura6ActualizarRepositorios.ps' not found on 
input line 205.


! LaTeX Error: File `maninstall/figura6ActualizarRepositorios.ps' not found.

See the LaTeX manual or LaTeX Companion for explanation.
Type  H <return>  for immediate help.
 ...                                              
                                                  
l.205 ...install/figura6ActualizarRepositorios.ps}
                                                   %[0cm,0cm][16.5cm,16cm]
? 

! LaTeX Error: Cannot determine size of graphic in maninstall/figura6Actualizar
Repositorios.ps (no BoundingBox).

See the LaTeX manual or LaTeX Companion for explanation.
Type  H <return>  for immediate help.
 ...                                              
                                                  
l.205 ...install/figura6ActualizarRepositorios.ps}
                                                   %[0cm,0cm][16.5cm,16cm]
? 
File: maninstall/figura6ActualizarRepositorios.ps Graphic file (type eps)
<maninstall/figura6ActualizarRepositorios.ps>

LaTeX Warning: File `maninstall/figura7DescargaSensorkinect.ps' not found on in
put line 227.


! LaTeX Error: File `maninstall/figura7DescargaSensorkinect.ps' not found.

See the LaTeX manual or LaTeX Companion for explanation.
Type  H <return>  for immediate help.
 ...                                              
                                                  
l.227 ...aninstall/figura7DescargaSensorkinect.ps}
                                                   %[0cm,0cm][16.5cm,16cm]
? 

! LaTeX Error: Cannot determine size of graphic in maninstall/figura7DescargaSe
nsorkinect.ps (no BoundingBox).

See the LaTeX manual or LaTeX Companion for explanation.
Type  H <return>  for immediate help.
 ...                                              
                                                  
l.227 ...aninstall/figura7DescargaSensorkinect.ps}
                                                   %[0cm,0cm][16.5cm,16cm]
? 
File: maninstall/figura7DescargaSensorkinect.ps Graphic file (type eps)
<maninstall/figura7DescargaSensorkinect.ps>

LaTeX Warning: `h' float specifier changed to `ht'.


LaTeX Warning: File `maninstall/figura8Sensorkinect.ps' not found on input line
 238.


! LaTeX Error: File `maninstall/figura8Sensorkinect.ps' not found.

See the LaTeX manual or LaTeX Companion for explanation.
Type  H <return>  for immediate help.
 ...                                              
                                                  
l.238 ...e=0.9]{maninstall/figura8Sensorkinect.ps}
                                                   %[0cm,0cm][16.5cm,16cm]
? 

! LaTeX Error: Cannot determine size of graphic in maninstall/figura8Sensorkine
ct.ps (no BoundingBox).

See the LaTeX manual or LaTeX Companion for explanation.
Type  H <return>  for immediate help.
 ...                                              
                                                  
l.238 ...e=0.9]{maninstall/figura8Sensorkinect.ps}
                                                   %[0cm,0cm][16.5cm,16cm]
? 
File: maninstall/figura8Sensorkinect.ps Graphic file (type eps)
<maninstall/figura8Sensorkinect.ps>

LaTeX Warning: `h' float specifier changed to `ht'.

[103]

LaTeX Warning: File `maninstall/figura9EinstallshOpenNI.ps' not found on input 
line 254.


! LaTeX Error: File `maninstall/figura9EinstallshOpenNI.ps' not found.

See the LaTeX manual or LaTeX Companion for explanation.
Type  H <return>  for immediate help.
 ...                                              
                                                  
l.254 ...9]{maninstall/figura9EinstallshOpenNI.ps}
                                                   %[0cm,0cm][16.5cm,16cm]
? 

! LaTeX Error: Cannot determine size of graphic in maninstall/figura9Einstallsh
OpenNI.ps (no BoundingBox).

See the LaTeX manual or LaTeX Companion for explanation.
Type  H <return>  for immediate help.
 ...                                              
                                                  
l.254 ...9]{maninstall/figura9EinstallshOpenNI.ps}
                                                   %[0cm,0cm][16.5cm,16cm]
? 
File: maninstall/figura9EinstallshOpenNI.ps Graphic file (type eps)
<maninstall/figura9EinstallshOpenNI.ps>

LaTeX Warning: File `maninstall/figura10EinstallshSensor.ps' not found on input
 line 266.


! LaTeX Error: File `maninstall/figura10EinstallshSensor.ps' not found.

See the LaTeX manual or LaTeX Companion for explanation.
Type  H <return>  for immediate help.
 ...                                              
                                                  
l.266 ...]{maninstall/figura10EinstallshSensor.ps}
                                                   %[0cm,0cm][16.5cm,16cm]
? 

! LaTeX Error: Cannot determine size of graphic in maninstall/figura10Einstalls
hSensor.ps (no BoundingBox).

See the LaTeX manual or LaTeX Companion for explanation.
Type  H <return>  for immediate help.
 ...                                              
                                                  
l.266 ...]{maninstall/figura10EinstallshSensor.ps}
                                                   %[0cm,0cm][16.5cm,16cm]
? 
File: maninstall/figura10EinstallshSensor.ps Graphic file (type eps)
<maninstall/figura10EinstallshSensor.ps>

LaTeX Warning: `h' float specifier changed to `ht'.


LaTeX Warning: File `maninstall/figura11carpetaData.ps' not found on input line
 277.


! LaTeX Error: File `maninstall/figura11carpetaData.ps' not found.

See the LaTeX manual or LaTeX Companion for explanation.
Type  H <return>  for immediate help.
 ...                                              
                                                  
l.277 ...e=0.9]{maninstall/figura11carpetaData.ps}
                                                   %[0cm,0cm][16.5cm,16cm]
? 

! LaTeX Error: Cannot determine size of graphic in maninstall/figura11carpetaDa
ta.ps (no BoundingBox).

See the LaTeX manual or LaTeX Companion for explanation.
Type  H <return>  for immediate help.
 ...                                              
                                                  
l.277 ...e=0.9]{maninstall/figura11carpetaData.ps}
                                                   %[0cm,0cm][16.5cm,16cm]
? 
File: maninstall/figura11carpetaData.ps Graphic file (type eps)
<maninstall/figura11carpetaData.ps>

LaTeX Warning: `h' float specifier changed to `ht'.

[104]

LaTeX Warning: File `maninstall/figura12ArchivoxmlSinlicencia.ps' not found on 
input line 285.


! LaTeX Error: File `maninstall/figura12ArchivoxmlSinlicencia.ps' not found.

See the LaTeX manual or LaTeX Companion for explanation.
Type  H <return>  for immediate help.
 ...                                              
                                                  
l.285 ...install/figura12ArchivoxmlSinlicencia.ps}
                                                   %[0cm,0cm][16.5cm,16cm]
? 

! LaTeX Error: Cannot determine size of graphic in maninstall/figura12Archivoxm
lSinlicencia.ps (no BoundingBox).

See the LaTeX manual or LaTeX Companion for explanation.
Type  H <return>  for immediate help.
 ...                                              
                                                  
l.285 ...install/figura12ArchivoxmlSinlicencia.ps}
                                                   %[0cm,0cm][16.5cm,16cm]
? 
File: maninstall/figura12ArchivoxmlSinlicencia.ps Graphic file (type eps)
<maninstall/figura12ArchivoxmlSinlicencia.ps>

LaTeX Warning: File `maninstall/figura13ArchivoxmlConlicencia.ps' not found on 
input line 292.


! LaTeX Error: File `maninstall/figura13ArchivoxmlConlicencia.ps' not found.

See the LaTeX manual or LaTeX Companion for explanation.
Type  H <return>  for immediate help.
 ...                                              
                                                  
l.292 ...install/figura13ArchivoxmlConlicencia.ps}
                                                   %[0cm,0cm][16.5cm,16cm]
? 

! LaTeX Error: Cannot determine size of graphic in maninstall/figura13Archivoxm
lConlicencia.ps (no BoundingBox).

See the LaTeX manual or LaTeX Companion for explanation.
Type  H <return>  for immediate help.
 ...                                              
                                                  
l.292 ...install/figura13ArchivoxmlConlicencia.ps}
                                                   %[0cm,0cm][16.5cm,16cm]
? 
File: maninstall/figura13ArchivoxmlConlicencia.ps Graphic file (type eps)
<maninstall/figura13ArchivoxmlConlicencia.ps>

LaTeX Warning: `h' float specifier changed to `ht'.

[105]

LaTeX Warning: File `maninstall/figura14EinstallshNite.ps' not found on input l
ine 305.


! LaTeX Error: File `maninstall/figura14EinstallshNite.ps' not found.

See the LaTeX manual or LaTeX Companion for explanation.
Type  H <return>  for immediate help.
 ...                                              
                                                  
l.305 ....9]{maninstall/figura14EinstallshNite.ps}
                                                   %[0cm,0cm][16.5cm,16cm]
? 

! LaTeX Error: Cannot determine size of graphic in maninstall/figura14Einstalls
hNite.ps (no BoundingBox).

See the LaTeX manual or LaTeX Companion for explanation.
Type  H <return>  for immediate help.
 ...                                              
                                                  
l.305 ....9]{maninstall/figura14EinstallshNite.ps}
                                                   %[0cm,0cm][16.5cm,16cm]
? 
File: maninstall/figura14EinstallshNite.ps Graphic file (type eps)
<maninstall/figura14EinstallshNite.ps>

LaTeX Warning: File `maninstall/figura15RedistMaker.ps' not found on input line
 323.


! LaTeX Error: File `maninstall/figura15RedistMaker.ps' not found.

See the LaTeX manual or LaTeX Companion for explanation.
Type  H <return>  for immediate help.
 ...                                              
                                                  
l.323 ...e=0.9]{maninstall/figura15RedistMaker.ps}
                                                   %[0cm,0cm][16.5cm,16cm]
? 

! LaTeX Error: Cannot determine size of graphic in maninstall/figura15RedistMak
er.ps (no BoundingBox).

See the LaTeX manual or LaTeX Companion for explanation.
Type  H <return>  for immediate help.
 ...                                              
                                                  
l.323 ...e=0.9]{maninstall/figura15RedistMaker.ps}
                                                   %[0cm,0cm][16.5cm,16cm]
? 
File: maninstall/figura15RedistMaker.ps Graphic file (type eps)
<maninstall/figura15RedistMaker.ps>

LaTeX Warning: File `maninstall/figura16PermisosRedistMaker.ps' not found on in
put line 338.


! LaTeX Error: File `maninstall/figura16PermisosRedistMaker.ps' not found.

See the LaTeX manual or LaTeX Companion for explanation.
Type  H <return>  for immediate help.
 ...                                              
                                                  
l.338 ...aninstall/figura16PermisosRedistMaker.ps}
                                                   %[0cm,0cm][16.5cm,16cm]
? 

! LaTeX Error: Cannot determine size of graphic in maninstall/figura16PermisosR
edistMaker.ps (no BoundingBox).

See the LaTeX manual or LaTeX Companion for explanation.
Type  H <return>  for immediate help.
 ...                                              
                                                  
l.338 ...aninstall/figura16PermisosRedistMaker.ps}
                                                   %[0cm,0cm][16.5cm,16cm]
? 
File: maninstall/figura16PermisosRedistMaker.ps Graphic file (type eps)
<maninstall/figura16PermisosRedistMaker.ps>

LaTeX Warning: `h' float specifier changed to `ht'.

[106]
File: maninstall/figura17PermisosEjecucioninstallsh.ps Graphic file (type eps)
 <maninstall/figura17PermisosEjecucioninstallsh.ps>

LaTeX Warning: File `maninstall/figura18EjecutarNiViewer.ps' not found on input
 line 377.


! LaTeX Error: File `maninstall/figura18EjecutarNiViewer.ps' not found.

See the LaTeX manual or LaTeX Companion for explanation.
Type  H <return>  for immediate help.
 ...                                              
                                                  
l.377 ...]{maninstall/figura18EjecutarNiViewer.ps}
                                                   %[0cm,0cm][16.5cm,16cm]
? 

! LaTeX Error: Cannot determine size of graphic in maninstall/figura18EjecutarN
iViewer.ps (no BoundingBox).

See the LaTeX manual or LaTeX Companion for explanation.
Type  H <return>  for immediate help.
 ...                                              
                                                  
l.377 ...]{maninstall/figura18EjecutarNiViewer.ps}
                                                   %[0cm,0cm][16.5cm,16cm]
? 
File: maninstall/figura18EjecutarNiViewer.ps Graphic file (type eps)
<maninstall/figura18EjecutarNiViewer.ps>
File: maninstall/figura19MapaProfundidad.ps Graphic file (type eps)

<maninstall/figura19MapaProfundidad.ps>

LaTeX Warning: `h' float specifier changed to `ht'.


LaTeX Warning: File `maninstall/figura20rmmodgspcaKinect.ps' not found on input
 line 401.


! LaTeX Error: File `maninstall/figura20rmmodgspcaKinect.ps' not found.

See the LaTeX manual or LaTeX Companion for explanation.
Type  H <return>  for immediate help.
 ...                                              
                                                  
l.401 ...]{maninstall/figura20rmmodgspcaKinect.ps}
                                                   %[0cm,0cm][16.5cm,16cm]
? 

! LaTeX Error: Cannot determine size of graphic in maninstall/figura20rmmodgspc
aKinect.ps (no BoundingBox).

See the LaTeX manual or LaTeX Companion for explanation.
Type  H <return>  for immediate help.
 ...                                              
                                                  
l.401 ...]{maninstall/figura20rmmodgspcaKinect.ps}
                                                   %[0cm,0cm][16.5cm,16cm]
? 
File: maninstall/figura20rmmodgspcaKinect.ps Graphic file (type eps)
<maninstall/figura20rmmodgspcaKinect.ps>

LaTeX Warning: `h' float specifier changed to `ht'.

[107]

LaTeX Warning: File `maninstall/figura21RemoverFFmpegx264.ps' not found on inpu
t line 440.


! LaTeX Error: File `maninstall/figura21RemoverFFmpegx264.ps' not found.

See the LaTeX manual or LaTeX Companion for explanation.
Type  H <return>  for immediate help.
 ...                                              
                                                  
l.440 ...{maninstall/figura21RemoverFFmpegx264.ps}
                                                   %[0cm,0cm][16.5cm,16cm]
? 

! LaTeX Error: Cannot determine size of graphic in maninstall/figura21RemoverFF
mpegx264.ps (no BoundingBox).

See the LaTeX manual or LaTeX Companion for explanation.
Type  H <return>  for immediate help.
 ...                                              
                                                  
l.440 ...{maninstall/figura21RemoverFFmpegx264.ps}
                                                   %[0cm,0cm][16.5cm,16cm]
? 
File: maninstall/figura21RemoverFFmpegx264.ps Graphic file (type eps)
<maninstall/figura21RemoverFFmpegx264.ps>

LaTeX Warning: `h' float specifier changed to `ht'.

[108]
File: maninstall/figura22InstalacionPaquetesNecesarios.ps Graphic file (type ep
s)
 <maninstall/figura22InstalacionPaquetesNecesarios.ps>
File: maninstall/figura23InstalacionGstreamer.ps Graphic file (type eps)

<maninstall/figura23InstalacionGstreamer.ps>
File: maninstall/figura24Configuracionx264.ps Graphic file (type eps)

<maninstall/figura24Configuracionx264.ps>

LaTeX Warning: `h' float specifier changed to `ht'.

File: maninstall/figura25Compilacionx264.ps Graphic file (type eps)
<maninstall/figura25Compilacionx264.ps>

LaTeX Warning: `h' float specifier changed to `ht'.


Underfull \hbox (badness 10000) in paragraph at lines 505--507

 []

[109]
File: maninstall/figura26ConfiguracionFFmpeg.ps Graphic file (type eps)
 <maninstall/figura26ConfiguracionFFmpeg.ps>

LaTeX Warning: `h' float specifier changed to `ht'.

File: maninstall/figura27CompilacionFFmpeg.ps Graphic file (type eps)
<maninstall/figura27CompilacionFFmpeg.ps>

LaTeX Warning: `h' float specifier changed to `ht'.

[110]
File: maninstall/figura28InstalacionGtk.ps Graphic file (type eps)
 <maninstall/figura28InstalacionGtk.ps>

LaTeX Warning: `h' float specifier changed to `ht'.


LaTeX Warning: File `maninstall/figura29PaquetesQT.ps' not found on input line 
555.


! LaTeX Error: File `maninstall/figura29PaquetesQT.ps' not found.

See the LaTeX manual or LaTeX Companion for explanation.
Type  H <return>  for immediate help.
 ...                                              
                                                  
l.555 ...le=0.9]{maninstall/figura29PaquetesQT.ps}
                                                   %[0cm,0cm][16.5cm,16cm]
? 

! LaTeX Error: Cannot determine size of graphic in maninstall/figura29PaquetesQ
T.ps (no BoundingBox).

See the LaTeX manual or LaTeX Companion for explanation.
Type  H <return>  for immediate help.
 ...                                              
                                                  
l.555 ...le=0.9]{maninstall/figura29PaquetesQT.ps}
                                                   %[0cm,0cm][16.5cm,16cm]
? 
File: maninstall/figura29PaquetesQT.ps Graphic file (type eps)
<maninstall/figura29PaquetesQT.ps>

LaTeX Warning: `h' float specifier changed to `ht'.


LaTeX Warning: File `maninstall/figura30PaqueteVl4panel.ps' not found on input 
line 564.


! LaTeX Error: File `maninstall/figura30PaqueteVl4panel.ps' not found.

See the LaTeX manual or LaTeX Companion for explanation.
Type  H <return>  for immediate help.
 ...                                              
                                                  
l.564 ...9]{maninstall/figura30PaqueteVl4panel.ps}
                                                   %[0cm,0cm][16.5cm,16cm]
? 

! LaTeX Error: Cannot determine size of graphic in maninstall/figura30PaqueteVl
4panel.ps (no BoundingBox).

See the LaTeX manual or LaTeX Companion for explanation.
Type  H <return>  for immediate help.
 ...                                              
                                                  
l.564 ...9]{maninstall/figura30PaqueteVl4panel.ps}
                                                   %[0cm,0cm][16.5cm,16cm]
? 
File: maninstall/figura30PaqueteVl4panel.ps Graphic file (type eps)
<maninstall/figura30PaqueteVl4panel.ps>

LaTeX Warning: `h' float specifier changed to `ht'.

[111]

LaTeX Warning: File `maninstall/figura31Paquetesvl4.ps' not found on input line
 577.


! LaTeX Error: File `maninstall/figura31Paquetesvl4.ps' not found.

See the LaTeX manual or LaTeX Companion for explanation.
Type  H <return>  for immediate help.
 ...                                              
                                                  
l.577 ...e=0.9]{maninstall/figura31Paquetesvl4.ps}
                                                   %[0cm,0cm][16.5cm,16cm]
? 

! LaTeX Error: Cannot determine size of graphic in maninstall/figura31Paquetesv
l4.ps (no BoundingBox).

See the LaTeX manual or LaTeX Companion for explanation.
Type  H <return>  for immediate help.
 ...                                              
                                                  
l.577 ...e=0.9]{maninstall/figura31Paquetesvl4.ps}
                                                   %[0cm,0cm][16.5cm,16cm]
? 
File: maninstall/figura31Paquetesvl4.ps Graphic file (type eps)
<maninstall/figura31Paquetesvl4.ps>

LaTeX Warning: `h' float specifier changed to `ht'.

[112]

LaTeX Warning: File `maninstall/figura32cmakegui.ps' not found on input line 60
8.


! LaTeX Error: File `maninstall/figura32cmakegui.ps' not found.

See the LaTeX manual or LaTeX Companion for explanation.
Type  H <return>  for immediate help.
 ...                                              
                                                  
l.608 ...cale=0.9]{maninstall/figura32cmakegui.ps}
                                                   %[0cm,0cm][16.5cm,16cm]
? 

! LaTeX Error: Cannot determine size of graphic in maninstall/figura32cmakegui.
ps (no BoundingBox).

See the LaTeX manual or LaTeX Companion for explanation.
Type  H <return>  for immediate help.
 ...                                              
                                                  
l.608 ...cale=0.9]{maninstall/figura32cmakegui.ps}
                                                   %[0cm,0cm][16.5cm,16cm]
? 
File: maninstall/figura32cmakegui.ps Graphic file (type eps)
<maninstall/figura32cmakegui.ps>

LaTeX Warning: `h' float specifier changed to `ht'.


Underfull \hbox (badness 10000) in paragraph at lines 613--614

 []


Underfull \hbox (badness 10000) in paragraph at lines 613--614

 []


LaTeX Warning: File `maninstall/figura33Parte1Configcmake.ps' not found on inpu
t line 619.


! LaTeX Error: File `maninstall/figura33Parte1Configcmake.ps' not found.

See the LaTeX manual or LaTeX Companion for explanation.
Type  H <return>  for immediate help.
 ...                                              
                                                  
l.619 ...{maninstall/figura33Parte1Configcmake.ps}
                                                   %[0cm,0cm][16.5cm,16cm]
? 

! LaTeX Error: Cannot determine size of graphic in maninstall/figura33Parte1Con
figcmake.ps (no BoundingBox).

See the LaTeX manual or LaTeX Companion for explanation.
Type  H <return>  for immediate help.
 ...                                              
                                                  
l.619 ...{maninstall/figura33Parte1Configcmake.ps}
                                                   %[0cm,0cm][16.5cm,16cm]
? 
File: maninstall/figura33Parte1Configcmake.ps Graphic file (type eps)
<maninstall/figura33Parte1Configcmake.ps>

LaTeX Warning: `h' float specifier changed to `ht'.

[113]

LaTeX Warning: File `maninstall/figura34Parte2Configcmake.ps' not found on inpu
t line 627.


! LaTeX Error: File `maninstall/figura34Parte2Configcmake.ps' not found.

See the LaTeX manual or LaTeX Companion for explanation.
Type  H <return>  for immediate help.
 ...                                              
                                                  
l.627 ...{maninstall/figura34Parte2Configcmake.ps}
                                                   %[0cm,0cm][16.5cm,16cm]
? 

! LaTeX Error: Cannot determine size of graphic in maninstall/figura34Parte2Con
figcmake.ps (no BoundingBox).

See the LaTeX manual or LaTeX Companion for explanation.
Type  H <return>  for immediate help.
 ...                                              
                                                  
l.627 ...{maninstall/figura34Parte2Configcmake.ps}
                                                   %[0cm,0cm][16.5cm,16cm]
? 
File: maninstall/figura34Parte2Configcmake.ps Graphic file (type eps)
<maninstall/figura34Parte2Configcmake.ps>

LaTeX Warning: `h' float specifier changed to `ht'.


LaTeX Warning: File `maninstall/figura35Parte3Configcmake.ps' not found on inpu
t line 634.


! LaTeX Error: File `maninstall/figura35Parte3Configcmake.ps' not found.

See the LaTeX manual or LaTeX Companion for explanation.
Type  H <return>  for immediate help.
 ...                                              
                                                  
l.634 ...{maninstall/figura35Parte3Configcmake.ps}
                                                   %[0cm,0cm][16.5cm,16cm]
? 

! LaTeX Error: Cannot determine size of graphic in maninstall/figura35Parte3Con
figcmake.ps (no BoundingBox).

See the LaTeX manual or LaTeX Companion for explanation.
Type  H <return>  for immediate help.
 ...                                              
                                                  
l.634 ...{maninstall/figura35Parte3Configcmake.ps}
                                                   %[0cm,0cm][16.5cm,16cm]
? 
File: maninstall/figura35Parte3Configcmake.ps Graphic file (type eps)
<maninstall/figura35Parte3Configcmake.ps>

LaTeX Warning: `h' float specifier changed to `ht'.


Underfull \hbox (badness 10000) in paragraph at lines 650--651

 []


Underfull \hbox (badness 10000) in paragraph at lines 650--651

 []


LaTeX Warning: File `maninstall/figura36CrearArchivo.ps' not found on input lin
e 665.


! LaTeX Error: File `maninstall/figura36CrearArchivo.ps' not found.

See the LaTeX manual or LaTeX Companion for explanation.
Type  H <return>  for immediate help.
 ...                                              
                                                  
l.665 ...=0.8]{maninstall/figura36CrearArchivo.ps}
                                                   %[0cm,0cm][16.5cm,16cm]
? 

! LaTeX Error: Cannot determine size of graphic in maninstall/figura36CrearArch
ivo.ps (no BoundingBox).

See the LaTeX manual or LaTeX Companion for explanation.
Type  H <return>  for immediate help.
 ...                                              
                                                  
l.665 ...=0.8]{maninstall/figura36CrearArchivo.ps}
                                                   %[0cm,0cm][16.5cm,16cm]
? 
File: maninstall/figura36CrearArchivo.ps Graphic file (type eps)
<maninstall/figura36CrearArchivo.ps>

LaTeX Warning: `h' float specifier changed to `ht'.

[114]

LaTeX Warning: File `maninstall/figura37AgregarLineasArchivo.ps' not found on i
nput line 694.


! LaTeX Error: File `maninstall/figura37AgregarLineasArchivo.ps' not found.

See the LaTeX manual or LaTeX Companion for explanation.
Type  H <return>  for immediate help.
 ...                                              
                                                  
l.694 ...ninstall/figura37AgregarLineasArchivo.ps}
                                                   %[0cm,0cm][16.5cm,16cm]
? 

! LaTeX Error: Cannot determine size of graphic in maninstall/figura37AgregarLi
neasArchivo.ps (no BoundingBox).

See the LaTeX manual or LaTeX Companion for explanation.
Type  H <return>  for immediate help.
 ...                                              
                                                  
l.694 ...ninstall/figura37AgregarLineasArchivo.ps}
                                                   %[0cm,0cm][16.5cm,16cm]
? 
File: maninstall/figura37AgregarLineasArchivo.ps Graphic file (type eps)
<maninstall/figura37AgregarLineasArchivo.ps>

LaTeX Warning: `h' float specifier changed to `ht'.

) [115] [116] (./documento.aux (./capitulo1.aux) (./capitulo2.aux)
(./capitulo3.aux) (./capitulo4.aux) (./capitulo5.aux) (./capitulo6.aux)
(./capitulo7.aux) (./capitulo8.aux)) ) 
Here is how much of TeX's memory you used:
 7113 strings out of 495000
 100706 string characters out of 1180839
 213517 words of memory out of 3000000
 10030 multiletter control sequences out of 15000+50000
 11266 words of font info for 45 fonts, out of 3000000 for 9000
 54 hyphenation exceptions out of 8191
 41i,13n,38p,1117b,521s stack positions out of 5000i,500n,10000p,200000b,50000s

Output written on documento.dvi (116 pages, 541828 bytes).
